<?xml version="1.0" encoding="UTF-8"?>
<!-- Generated by org.testng.reporters.JUnitReportReporter -->
<testsuite hostname="PC207713" name="com.email.scripts.PasswordReset" tests="1" failures="0" timestamp="15 Jul 2015 11:24:48 GMT" time="32.521" errors="0">
  <testcase name="testPasswordReset" time="32.521" classname="com.email.scripts.PasswordReset"/>
</testsuite> <!-- com.email.scripts.PasswordReset -->
